[2019-10-16 23:28:30] laravel.EMERGENCY: Unable to create configured logger. Using emergency logger. {"exception":"[object] (InvalidArgumentException(code: 0): Log [] is not defined. at /home/giovanni/PhpStorm Projects/trabalho_web3/vendor/laravel/framework/src/Illuminate/Log/LogManager.php:184)
[stacktrace]
#0 /home/giovanni/PhpStorm Projects/trabalho_web3/vendor/laravel/framework/src/Illuminate/Log/LogManager.php(118): Illuminate\\Log\\LogManager->resolve(NULL)
#1 /home/giovanni/PhpStorm Projects/trabalho_web3/vendor/laravel/framework/src/Illuminate/Log/LogManager.php(98): Illuminate\\Log\\LogManager->get(NULL)
#2 /home/giovanni/PhpStorm Projects/trabalho_web3/vendor/laravel/framework/src/Illuminate/Log/LogManager.php(539): Illuminate\\Log\\LogManager->driver()
#3 /home/giovanni/PhpStorm Projects/trabalho_web3/vendor/laravel/framework/src/Illuminate/Foundation/Exceptions/Handler.php(118): Illuminate\\Log\\LogManager->error('Undefined const...', Array)
#4 /home/giovanni/PhpStorm Projects/trabalho_web3/app/Exceptions/Handler.php(37): Illuminate\\Foundation\\Exceptions\\Handler->report(Object(Symfony\\Component\\Debug\\Exception\\FatalThrowableError))
#5 /home/giovanni/PhpStorm Projects/trabalho_web3/vendor/laravel/framework/src/Illuminate/Foundation/Http/Kernel.php(314): App\\Exceptions\\Handler->report(Object(Symfony\\Component\\Debug\\Exception\\FatalThrowableError))
#6 /home/giovanni/PhpStorm Projects/trabalho_web3/vendor/laravel/framework/src/Illuminate/Foundation/Http/Kernel.php(122): Illuminate\\Foundation\\Http\\Kernel->reportException(Object(Symfony\\Component\\Debug\\Exception\\FatalThrowableError))
#7 /home/giovanni/PhpStorm Projects/trabalho_web3/public/index.php(55): Illuminate\\Foundation\\Http\\Kernel->handle(Object(Illuminate\\Http\\Request))
#8 /home/giovanni/PhpStorm Projects/trabalho_web3/server.php(21): require_once('/home/giovanni/...')
#9 {main}
"} 
[2019-10-16 23:28:30] laravel.ERROR: Undefined constant 'Illuminate\Html\HtmlServiceProvider' {"exception":"[object] (Symfony\\Component\\Debug\\Exception\\FatalThrowableError(code: 0): Undefined constant 'Illuminate\\Html\\HtmlServiceProvider' at /home/giovanni/PhpStorm Projects/trabalho_web3/config/app.php:142)
[stacktrace]
#0 /home/giovanni/PhpStorm Projects/trabalho_web3/vendor/laravel/framework/src/Illuminate/Foundation/Bootstrap/LoadConfiguration.php(72): require()
#1 /home/giovanni/PhpStorm Projects/trabalho_web3/vendor/laravel/framework/src/Illuminate/Foundation/Bootstrap/LoadConfiguration.php(39): Illuminate\\Foundation\\Bootstrap\\LoadConfiguration->loadConfigurationFiles(Object(Illuminate\\Foundation\\Application), Object(Illuminate\\Config\\Repository))
#2 /home/giovanni/PhpStorm Projects/trabalho_web3/vendor/laravel/framework/src/Illuminate/Foundation/Application.php(211): Illuminate\\Foundation\\Bootstrap\\LoadConfiguration->bootstrap(Object(Illuminate\\Foundation\\Application))
#3 /home/giovanni/PhpStorm Projects/trabalho_web3/vendor/laravel/framework/src/Illuminate/Foundation/Http/Kernel.php(162): Illuminate\\Foundation\\Application->bootstrapWith(Array)
#4 /home/giovanni/PhpStorm Projects/trabalho_web3/vendor/laravel/framework/src/Illuminate/Foundation/Http/Kernel.php(146): Illuminate\\Foundation\\Http\\Kernel->bootstrap()
#5 /home/giovanni/PhpStorm Projects/trabalho_web3/vendor/laravel/framework/src/Illuminate/Foundation/Http/Kernel.php(116): Illuminate\\Foundation\\Http\\Kernel->sendRequestThroughRouter(Object(Illuminate\\Http\\Request))
#6 /home/giovanni/PhpStorm Projects/trabalho_web3/public/index.php(55): Illuminate\\Foundation\\Http\\Kernel->handle(Object(Illuminate\\Http\\Request))
#7 /home/giovanni/PhpStorm Projects/trabalho_web3/server.php(21): require_once('/home/giovanni/...')
#8 {main}
"} 
[2019-10-16 23:28:32] laravel.EMERGENCY: Unable to create configured logger. Using emergency logger. {"exception":"[object] (InvalidArgumentException(code: 0): Log [] is not defined. at /home/giovanni/PhpStorm Projects/trabalho_web3/vendor/laravel/framework/src/Illuminate/Log/LogManager.php:184)
[stacktrace]
#0 /home/giovanni/PhpStorm Projects/trabalho_web3/vendor/laravel/framework/src/Illuminate/Log/LogManager.php(118): Illuminate\\Log\\LogManager->resolve(NULL)
#1 /home/giovanni/PhpStorm Projects/trabalho_web3/vendor/laravel/framework/src/Illuminate/Log/LogManager.php(98): Illuminate\\Log\\LogManager->get(NULL)
#2 /home/giovanni/PhpStorm Projects/trabalho_web3/vendor/laravel/framework/src/Illuminate/Log/LogManager.php(539): Illuminate\\Log\\LogManager->driver()
#3 /home/giovanni/PhpStorm Projects/trabalho_web3/vendor/laravel/framework/src/Illuminate/Foundation/Exceptions/Handler.php(118): Illuminate\\Log\\LogManager->error('Undefined const...', Array)
#4 /home/giovanni/PhpStorm Projects/trabalho_web3/app/Exceptions/Handler.php(37): Illuminate\\Foundation\\Exceptions\\Handler->report(Object(Symfony\\Component\\Debug\\Exception\\FatalThrowableError))
#5 /home/giovanni/PhpStorm Projects/trabalho_web3/vendor/laravel/framework/src/Illuminate/Foundation/Http/Kernel.php(314): App\\Exceptions\\Handler->report(Object(Symfony\\Component\\Debug\\Exception\\FatalThrowableError))
#6 /home/giovanni/PhpStorm Projects/trabalho_web3/vendor/laravel/framework/src/Illuminate/Foundation/Http/Kernel.php(122): Illuminate\\Foundation\\Http\\Kernel->reportException(Object(Symfony\\Component\\Debug\\Exception\\FatalThrowableError))
#7 /home/giovanni/PhpStorm Projects/trabalho_web3/public/index.php(55): Illuminate\\Foundation\\Http\\Kernel->handle(Object(Illuminate\\Http\\Request))
#8 /home/giovanni/PhpStorm Projects/trabalho_web3/server.php(21): require_once('/home/giovanni/...')
#9 {main}
"} 
[2019-10-16 23:28:32] laravel.ERROR: Undefined constant 'Illuminate\Html\HtmlServiceProvider' {"exception":"[object] (Symfony\\Component\\Debug\\Exception\\FatalThrowableError(code: 0): Undefined constant 'Illuminate\\Html\\HtmlServiceProvider' at /home/giovanni/PhpStorm Projects/trabalho_web3/config/app.php:142)
[stacktrace]
#0 /home/giovanni/PhpStorm Projects/trabalho_web3/vendor/laravel/framework/src/Illuminate/Foundation/Bootstrap/LoadConfiguration.php(72): require()
#1 /home/giovanni/PhpStorm Projects/trabalho_web3/vendor/laravel/framework/src/Illuminate/Foundation/Bootstrap/LoadConfiguration.php(39): Illuminate\\Foundation\\Bootstrap\\LoadConfiguration->loadConfigurationFiles(Object(Illuminate\\Foundation\\Application), Object(Illuminate\\Config\\Repository))
#2 /home/giovanni/PhpStorm Projects/trabalho_web3/vendor/laravel/framework/src/Illuminate/Foundation/Application.php(211): Illuminate\\Foundation\\Bootstrap\\LoadConfiguration->bootstrap(Object(Illuminate\\Foundation\\Application))
#3 /home/giovanni/PhpStorm Projects/trabalho_web3/vendor/laravel/framework/src/Illuminate/Foundation/Http/Kernel.php(162): Illuminate\\Foundation\\Application->bootstrapWith(Array)
#4 /home/giovanni/PhpStorm Projects/trabalho_web3/vendor/laravel/framework/src/Illuminate/Foundation/Http/Kernel.php(146): Illuminate\\Foundation\\Http\\Kernel->bootstrap()
#5 /home/giovanni/PhpStorm Projects/trabalho_web3/vendor/laravel/framework/src/Illuminate/Foundation/Http/Kernel.php(116): Illuminate\\Foundation\\Http\\Kernel->sendRequestThroughRouter(Object(Illuminate\\Http\\Request))
#6 /home/giovanni/PhpStorm Projects/trabalho_web3/public/index.php(55): Illuminate\\Foundation\\Http\\Kernel->handle(Object(Illuminate\\Http\\Request))
#7 /home/giovanni/PhpStorm Projects/trabalho_web3/server.php(21): require_once('/home/giovanni/...')
#8 {main}
"} 
[2019-10-16 23:28:33] laravel.EMERGENCY: Unable to create configured logger. Using emergency logger. {"exception":"[object] (InvalidArgumentException(code: 0): Log [] is not defined. at /home/giovanni/PhpStorm Projects/trabalho_web3/vendor/laravel/framework/src/Illuminate/Log/LogManager.php:184)
[stacktrace]
#0 /home/giovanni/PhpStorm Projects/trabalho_web3/vendor/laravel/framework/src/Illuminate/Log/LogManager.php(118): Illuminate\\Log\\LogManager->resolve(NULL)
#1 /home/giovanni/PhpStorm Projects/trabalho_web3/vendor/laravel/framework/src/Illuminate/Log/LogManager.php(98): Illuminate\\Log\\LogManager->get(NULL)
#2 /home/giovanni/PhpStorm Projects/trabalho_web3/vendor/laravel/framework/src/Illuminate/Log/LogManager.php(539): Illuminate\\Log\\LogManager->driver()
#3 /home/giovanni/PhpStorm Projects/trabalho_web3/vendor/laravel/framework/src/Illuminate/Foundation/Exceptions/Handler.php(118): Illuminate\\Log\\LogManager->error('Undefined const...', Array)
#4 /home/giovanni/PhpStorm Projects/trabalho_web3/app/Exceptions/Handler.php(37): Illuminate\\Foundation\\Exceptions\\Handler->report(Object(Symfony\\Component\\Debug\\Exception\\FatalThrowableError))
#5 /home/giovanni/PhpStorm Projects/trabalho_web3/vendor/laravel/framework/src/Illuminate/Foundation/Http/Kernel.php(314): App\\Exceptions\\Handler->report(Object(Symfony\\Component\\Debug\\Exception\\FatalThrowableError))
#6 /home/giovanni/PhpStorm Projects/trabalho_web3/vendor/laravel/framework/src/Illuminate/Foundation/Http/Kernel.php(122): Illuminate\\Foundation\\Http\\Kernel->reportException(Object(Symfony\\Component\\Debug\\Exception\\FatalThrowableError))
#7 /home/giovanni/PhpStorm Projects/trabalho_web3/public/index.php(55): Illuminate\\Foundation\\Http\\Kernel->handle(Object(Illuminate\\Http\\Request))
#8 /home/giovanni/PhpStorm Projects/trabalho_web3/server.php(21): require_once('/home/giovanni/...')
#9 {main}
"} 
[2019-10-16 23:28:33] laravel.ERROR: Undefined constant 'Illuminate\Html\HtmlServiceProvider' {"exception":"[object] (Symfony\\Component\\Debug\\Exception\\FatalThrowableError(code: 0): Undefined constant 'Illuminate\\Html\\HtmlServiceProvider' at /home/giovanni/PhpStorm Projects/trabalho_web3/config/app.php:142)
[stacktrace]
#0 /home/giovanni/PhpStorm Projects/trabalho_web3/vendor/laravel/framework/src/Illuminate/Foundation/Bootstrap/LoadConfiguration.php(72): require()
#1 /home/giovanni/PhpStorm Projects/trabalho_web3/vendor/laravel/framework/src/Illuminate/Foundation/Bootstrap/LoadConfiguration.php(39): Illuminate\\Foundation\\Bootstrap\\LoadConfiguration->loadConfigurationFiles(Object(Illuminate\\Foundation\\Application), Object(Illuminate\\Config\\Repository))
#2 /home/giovanni/PhpStorm Projects/trabalho_web3/vendor/laravel/framework/src/Illuminate/Foundation/Application.php(211): Illuminate\\Foundation\\Bootstrap\\LoadConfiguration->bootstrap(Object(Illuminate\\Foundation\\Application))
#3 /home/giovanni/PhpStorm Projects/trabalho_web3/vendor/laravel/framework/src/Illuminate/Foundation/Http/Kernel.php(162): Illuminate\\Foundation\\Application->bootstrapWith(Array)
#4 /home/giovanni/PhpStorm Projects/trabalho_web3/vendor/laravel/framework/src/Illuminate/Foundation/Http/Kernel.php(146): Illuminate\\Foundation\\Http\\Kernel->bootstrap()
#5 /home/giovanni/PhpStorm Projects/trabalho_web3/vendor/laravel/framework/src/Illuminate/Foundation/Http/Kernel.php(116): Illuminate\\Foundation\\Http\\Kernel->sendRequestThroughRouter(Object(Illuminate\\Http\\Request))
#6 /home/giovanni/PhpStorm Projects/trabalho_web3/public/index.php(55): Illuminate\\Foundation\\Http\\Kernel->handle(Object(Illuminate\\Http\\Request))
#7 /home/giovanni/PhpStorm Projects/trabalho_web3/server.php(21): require_once('/home/giovanni/...')
#8 {main}
"} 
[2019-10-16 23:28:34] laravel.EMERGENCY: Unable to create configured logger. Using emergency logger. {"exception":"[object] (InvalidArgumentException(code: 0): Log [] is not defined. at /home/giovanni/PhpStorm Projects/trabalho_web3/vendor/laravel/framework/src/Illuminate/Log/LogManager.php:184)
[stacktrace]
#0 /home/giovanni/PhpStorm Projects/trabalho_web3/vendor/laravel/framework/src/Illuminate/Log/LogManager.php(118): Illuminate\\Log\\LogManager->resolve(NULL)
#1 /home/giovanni/PhpStorm Projects/trabalho_web3/vendor/laravel/framework/src/Illuminate/Log/LogManager.php(98): Illuminate\\Log\\LogManager->get(NULL)
#2 /home/giovanni/PhpStorm Projects/trabalho_web3/vendor/laravel/framework/src/Illuminate/Log/LogManager.php(539): Illuminate\\Log\\LogManager->driver()
#3 /home/giovanni/PhpStorm Projects/trabalho_web3/vendor/laravel/framework/src/Illuminate/Foundation/Exceptions/Handler.php(118): Illuminate\\Log\\LogManager->error('Undefined const...', Array)
#4 /home/giovanni/PhpStorm Projects/trabalho_web3/app/Exceptions/Handler.php(37): Illuminate\\Foundation\\Exceptions\\Handler->report(Object(Symfony\\Component\\Debug\\Exception\\FatalThrowableError))
#5 /home/giovanni/PhpStorm Projects/trabalho_web3/vendor/laravel/framework/src/Illuminate/Foundation/Http/Kernel.php(314): App\\Exceptions\\Handler->report(Object(Symfony\\Component\\Debug\\Exception\\FatalThrowableError))
#6 /home/giovanni/PhpStorm Projects/trabalho_web3/vendor/laravel/framework/src/Illuminate/Foundation/Http/Kernel.php(122): Illuminate\\Foundation\\Http\\Kernel->reportException(Object(Symfony\\Component\\Debug\\Exception\\FatalThrowableError))
#7 /home/giovanni/PhpStorm Projects/trabalho_web3/public/index.php(55): Illuminate\\Foundation\\Http\\Kernel->handle(Object(Illuminate\\Http\\Request))
#8 /home/giovanni/PhpStorm Projects/trabalho_web3/server.php(21): require_once('/home/giovanni/...')
#9 {main}
"} 
[2019-10-16 23:28:34] laravel.ERROR: Undefined constant 'Illuminate\Html\HtmlServiceProvider' {"exception":"[object] (Symfony\\Component\\Debug\\Exception\\FatalThrowableError(code: 0): Undefined constant 'Illuminate\\Html\\HtmlServiceProvider' at /home/giovanni/PhpStorm Projects/trabalho_web3/config/app.php:142)
[stacktrace]
#0 /home/giovanni/PhpStorm Projects/trabalho_web3/vendor/laravel/framework/src/Illuminate/Foundation/Bootstrap/LoadConfiguration.php(72): require()
#1 /home/giovanni/PhpStorm Projects/trabalho_web3/vendor/laravel/framework/src/Illuminate/Foundation/Bootstrap/LoadConfiguration.php(39): Illuminate\\Foundation\\Bootstrap\\LoadConfiguration->loadConfigurationFiles(Object(Illuminate\\Foundation\\Application), Object(Illuminate\\Config\\Repository))
#2 /home/giovanni/PhpStorm Projects/trabalho_web3/vendor/laravel/framework/src/Illuminate/Foundation/Application.php(211): Illuminate\\Foundation\\Bootstrap\\LoadConfiguration->bootstrap(Object(Illuminate\\Foundation\\Application))
#3 /home/giovanni/PhpStorm Projects/trabalho_web3/vendor/laravel/framework/src/Illuminate/Foundation/Http/Kernel.php(162): Illuminate\\Foundation\\Application->bootstrapWith(Array)
#4 /home/giovanni/PhpStorm Projects/trabalho_web3/vendor/laravel/framework/src/Illuminate/Foundation/Http/Kernel.php(146): Illuminate\\Foundation\\Http\\Kernel->bootstrap()
#5 /home/giovanni/PhpStorm Projects/trabalho_web3/vendor/laravel/framework/src/Illuminate/Foundation/Http/Kernel.php(116): Illuminate\\Foundation\\Http\\Kernel->sendRequestThroughRouter(Object(Illuminate\\Http\\Request))
#6 /home/giovanni/PhpStorm Projects/trabalho_web3/public/index.php(55): Illuminate\\Foundation\\Http\\Kernel->handle(Object(Illuminate\\Http\\Request))
#7 /home/giovanni/PhpStorm Projects/trabalho_web3/server.php(21): require_once('/home/giovanni/...')
#8 {main}
"} 
[2019-10-16 23:28:34] laravel.EMERGENCY: Unable to create configured logger. Using emergency logger. {"exception":"[object] (InvalidArgumentException(code: 0): Log [] is not defined. at /home/giovanni/PhpStorm Projects/trabalho_web3/vendor/laravel/framework/src/Illuminate/Log/LogManager.php:184)
[stacktrace]
#0 /home/giovanni/PhpStorm Projects/trabalho_web3/vendor/laravel/framework/src/Illuminate/Log/LogManager.php(118): Illuminate\\Log\\LogManager->resolve(NULL)
#1 /home/giovanni/PhpStorm Projects/trabalho_web3/vendor/laravel/framework/src/Illuminate/Log/LogManager.php(98): Illuminate\\Log\\LogManager->get(NULL)
#2 /home/giovanni/PhpStorm Projects/trabalho_web3/vendor/laravel/framework/src/Illuminate/Log/LogManager.php(539): Illuminate\\Log\\LogManager->driver()
#3 /home/giovanni/PhpStorm Projects/trabalho_web3/vendor/laravel/framework/src/Illuminate/Foundation/Exceptions/Handler.php(118): Illuminate\\Log\\LogManager->error('Undefined const...', Array)
#4 /home/giovanni/PhpStorm Projects/trabalho_web3/app/Exceptions/Handler.php(37): Illuminate\\Foundation\\Exceptions\\Handler->report(Object(Symfony\\Component\\Debug\\Exception\\FatalThrowableError))
#5 /home/giovanni/PhpStorm Projects/trabalho_web3/vendor/laravel/framework/src/Illuminate/Foundation/Http/Kernel.php(314): App\\Exceptions\\Handler->report(Object(Symfony\\Component\\Debug\\Exception\\FatalThrowableError))
#6 /home/giovanni/PhpStorm Projects/trabalho_web3/vendor/laravel/framework/src/Illuminate/Foundation/Http/Kernel.php(122): Illuminate\\Foundation\\Http\\Kernel->reportException(Object(Symfony\\Component\\Debug\\Exception\\FatalThrowableError))
#7 /home/giovanni/PhpStorm Projects/trabalho_web3/public/index.php(55): Illuminate\\Foundation\\Http\\Kernel->handle(Object(Illuminate\\Http\\Request))
#8 /home/giovanni/PhpStorm Projects/trabalho_web3/server.php(21): require_once('/home/giovanni/...')
#9 {main}
"} 
[2019-10-16 23:28:34] laravel.ERROR: Undefined constant 'Illuminate\Html\HtmlServiceProvider' {"exception":"[object] (Symfony\\Component\\Debug\\Exception\\FatalThrowableError(code: 0): Undefined constant 'Illuminate\\Html\\HtmlServiceProvider' at /home/giovanni/PhpStorm Projects/trabalho_web3/config/app.php:142)
[stacktrace]
#0 /home/giovanni/PhpStorm Projects/trabalho_web3/vendor/laravel/framework/src/Illuminate/Foundation/Bootstrap/LoadConfiguration.php(72): require()
#1 /home/giovanni/PhpStorm Projects/trabalho_web3/vendor/laravel/framework/src/Illuminate/Foundation/Bootstrap/LoadConfiguration.php(39): Illuminate\\Foundation\\Bootstrap\\LoadConfiguration->loadConfigurationFiles(Object(Illuminate\\Foundation\\Application), Object(Illuminate\\Config\\Repository))
#2 /home/giovanni/PhpStorm Projects/trabalho_web3/vendor/laravel/framework/src/Illuminate/Foundation/Application.php(211): Illuminate\\Foundation\\Bootstrap\\LoadConfiguration->bootstrap(Object(Illuminate\\Foundation\\Application))
#3 /home/giovanni/PhpStorm Projects/trabalho_web3/vendor/laravel/framework/src/Illuminate/Foundation/Http/Kernel.php(162): Illuminate\\Foundation\\Application->bootstrapWith(Array)
#4 /home/giovanni/PhpStorm Projects/trabalho_web3/vendor/laravel/framework/src/Illuminate/Foundation/Http/Kernel.php(146): Illuminate\\Foundation\\Http\\Kernel->bootstrap()
#5 /home/giovanni/PhpStorm Projects/trabalho_web3/vendor/laravel/framework/src/Illuminate/Foundation/Http/Kernel.php(116): Illuminate\\Foundation\\Http\\Kernel->sendRequestThroughRouter(Object(Illuminate\\Http\\Request))
#6 /home/giovanni/PhpStorm Projects/trabalho_web3/public/index.php(55): Illuminate\\Foundation\\Http\\Kernel->handle(Object(Illuminate\\Http\\Request))
#7 /home/giovanni/PhpStorm Projects/trabalho_web3/server.php(21): require_once('/home/giovanni/...')
#8 {main}
"} 
[2019-10-16 23:28:34] laravel.EMERGENCY: Unable to create configured logger. Using emergency logger. {"exception":"[object] (InvalidArgumentException(code: 0): Log [] is not defined. at /home/giovanni/PhpStorm Projects/trabalho_web3/vendor/laravel/framework/src/Illuminate/Log/LogManager.php:184)
[stacktrace]
#0 /home/giovanni/PhpStorm Projects/trabalho_web3/vendor/laravel/framework/src/Illuminate/Log/LogManager.php(118): Illuminate\\Log\\LogManager->resolve(NULL)
#1 /home/giovanni/PhpStorm Projects/trabalho_web3/vendor/laravel/framework/src/Illuminate/Log/LogManager.php(98): Illuminate\\Log\\LogManager->get(NULL)
#2 /home/giovanni/PhpStorm Projects/trabalho_web3/vendor/laravel/framework/src/Illuminate/Log/LogManager.php(539): Illuminate\\Log\\LogManager->driver()
#3 /home/giovanni/PhpStorm Projects/trabalho_web3/vendor/laravel/framework/src/Illuminate/Foundation/Exceptions/Handler.php(118): Illuminate\\Log\\LogManager->error('Undefined const...', Array)
#4 /home/giovanni/PhpStorm Projects/trabalho_web3/app/Exceptions/Handler.php(37): Illuminate\\Foundation\\Exceptions\\Handler->report(Object(Symfony\\Component\\Debug\\Exception\\FatalThrowableError))
#5 /home/giovanni/PhpStorm Projects/trabalho_web3/vendor/laravel/framework/src/Illuminate/Foundation/Http/Kernel.php(314): App\\Exceptions\\Handler->report(Object(Symfony\\Component\\Debug\\Exception\\FatalThrowableError))
#6 /home/giovanni/PhpStorm Projects/trabalho_web3/vendor/laravel/framework/src/Illuminate/Foundation/Http/Kernel.php(122): Illuminate\\Foundation\\Http\\Kernel->reportException(Object(Symfony\\Component\\Debug\\Exception\\FatalThrowableError))
#7 /home/giovanni/PhpStorm Projects/trabalho_web3/public/index.php(55): Illuminate\\Foundation\\Http\\Kernel->handle(Object(Illuminate\\Http\\Request))
#8 /home/giovanni/PhpStorm Projects/trabalho_web3/server.php(21): require_once('/home/giovanni/...')
#9 {main}
"} 
[2019-10-16 23:28:34] laravel.ERROR: Undefined constant 'Illuminate\Html\HtmlServiceProvider' {"exception":"[object] (Symfony\\Component\\Debug\\Exception\\FatalThrowableError(code: 0): Undefined constant 'Illuminate\\Html\\HtmlServiceProvider' at /home/giovanni/PhpStorm Projects/trabalho_web3/config/app.php:142)
[stacktrace]
#0 /home/giovanni/PhpStorm Projects/trabalho_web3/vendor/laravel/framework/src/Illuminate/Foundation/Bootstrap/LoadConfiguration.php(72): require()
#1 /home/giovanni/PhpStorm Projects/trabalho_web3/vendor/laravel/framework/src/Illuminate/Foundation/Bootstrap/LoadConfiguration.php(39): Illuminate\\Foundation\\Bootstrap\\LoadConfiguration->loadConfigurationFiles(Object(Illuminate\\Foundation\\Application), Object(Illuminate\\Config\\Repository))
#2 /home/giovanni/PhpStorm Projects/trabalho_web3/vendor/laravel/framework/src/Illuminate/Foundation/Application.php(211): Illuminate\\Foundation\\Bootstrap\\LoadConfiguration->bootstrap(Object(Illuminate\\Foundation\\Application))
#3 /home/giovanni/PhpStorm Projects/trabalho_web3/vendor/laravel/framework/src/Illuminate/Foundation/Http/Kernel.php(162): Illuminate\\Foundation\\Application->bootstrapWith(Array)
#4 /home/giovanni/PhpStorm Projects/trabalho_web3/vendor/laravel/framework/src/Illuminate/Foundation/Http/Kernel.php(146): Illuminate\\Foundation\\Http\\Kernel->bootstrap()
#5 /home/giovanni/PhpStorm Projects/trabalho_web3/vendor/laravel/framework/src/Illuminate/Foundation/Http/Kernel.php(116): Illuminate\\Foundation\\Http\\Kernel->sendRequestThroughRouter(Object(Illuminate\\Http\\Request))
#6 /home/giovanni/PhpStorm Projects/trabalho_web3/public/index.php(55): Illuminate\\Foundation\\Http\\Kernel->handle(Object(Illuminate\\Http\\Request))
#7 /home/giovanni/PhpStorm Projects/trabalho_web3/server.php(21): require_once('/home/giovanni/...')
#8 {main}
"} 
[2019-10-16 23:28:34] laravel.EMERGENCY: Unable to create configured logger. Using emergency logger. {"exception":"[object] (InvalidArgumentException(code: 0): Log [] is not defined. at /home/giovanni/PhpStorm Projects/trabalho_web3/vendor/laravel/framework/src/Illuminate/Log/LogManager.php:184)
[stacktrace]
#0 /home/giovanni/PhpStorm Projects/trabalho_web3/vendor/laravel/framework/src/Illuminate/Log/LogManager.php(118): Illuminate\\Log\\LogManager->resolve(NULL)
#1 /home/giovanni/PhpStorm Projects/trabalho_web3/vendor/laravel/framework/src/Illuminate/Log/LogManager.php(98): Illuminate\\Log\\LogManager->get(NULL)
#2 /home/giovanni/PhpStorm Projects/trabalho_web3/vendor/laravel/framework/src/Illuminate/Log/LogManager.php(539): Illuminate\\Log\\LogManager->driver()
#3 /home/giovanni/PhpStorm Projects/trabalho_web3/vendor/laravel/framework/src/Illuminate/Foundation/Exceptions/Handler.php(118): Illuminate\\Log\\LogManager->error('Undefined const...', Array)
#4 /home/giovanni/PhpStorm Projects/trabalho_web3/app/Exceptions/Handler.php(37): Illuminate\\Foundation\\Exceptions\\Handler->report(Object(Symfony\\Component\\Debug\\Exception\\FatalThrowableError))
#5 /home/giovanni/PhpStorm Projects/trabalho_web3/vendor/laravel/framework/src/Illuminate/Foundation/Http/Kernel.php(314): App\\Exceptions\\Handler->report(Object(Symfony\\Component\\Debug\\Exception\\FatalThrowableError))
#6 /home/giovanni/PhpStorm Projects/trabalho_web3/vendor/laravel/framework/src/Illuminate/Foundation/Http/Kernel.php(122): Illuminate\\Foundation\\Http\\Kernel->reportException(Object(Symfony\\Component\\Debug\\Exception\\FatalThrowableError))
#7 /home/giovanni/PhpStorm Projects/trabalho_web3/public/index.php(55): Illuminate\\Foundation\\Http\\Kernel->handle(Object(Illuminate\\Http\\Request))
#8 /home/giovanni/PhpStorm Projects/trabalho_web3/server.php(21): require_once('/home/giovanni/...')
#9 {main}
"} 
[2019-10-16 23:28:34] laravel.ERROR: Undefined constant 'Illuminate\Html\HtmlServiceProvider' {"exception":"[object] (Symfony\\Component\\Debug\\Exception\\FatalThrowableError(code: 0): Undefined constant 'Illuminate\\Html\\HtmlServiceProvider' at /home/giovanni/PhpStorm Projects/trabalho_web3/config/app.php:142)
[stacktrace]
#0 /home/giovanni/PhpStorm Projects/trabalho_web3/vendor/laravel/framework/src/Illuminate/Foundation/Bootstrap/LoadConfiguration.php(72): require()
#1 /home/giovanni/PhpStorm Projects/trabalho_web3/vendor/laravel/framework/src/Illuminate/Foundation/Bootstrap/LoadConfiguration.php(39): Illuminate\\Foundation\\Bootstrap\\LoadConfiguration->loadConfigurationFiles(Object(Illuminate\\Foundation\\Application), Object(Illuminate\\Config\\Repository))
#2 /home/giovanni/PhpStorm Projects/trabalho_web3/vendor/laravel/framework/src/Illuminate/Foundation/Application.php(211): Illuminate\\Foundation\\Bootstrap\\LoadConfiguration->bootstrap(Object(Illuminate\\Foundation\\Application))
#3 /home/giovanni/PhpStorm Projects/trabalho_web3/vendor/laravel/framework/src/Illuminate/Foundation/Http/Kernel.php(162): Illuminate\\Foundation\\Application->bootstrapWith(Array)
#4 /home/giovanni/PhpStorm Projects/trabalho_web3/vendor/laravel/framework/src/Illuminate/Foundation/Http/Kernel.php(146): Illuminate\\Foundation\\Http\\Kernel->bootstrap()
#5 /home/giovanni/PhpStorm Projects/trabalho_web3/vendor/laravel/framework/src/Illuminate/Foundation/Http/Kernel.php(116): Illuminate\\Foundation\\Http\\Kernel->sendRequestThroughRouter(Object(Illuminate\\Http\\Request))
#6 /home/giovanni/PhpStorm Projects/trabalho_web3/public/index.php(55): Illuminate\\Foundation\\Http\\Kernel->handle(Object(Illuminate\\Http\\Request))
#7 /home/giovanni/PhpStorm Projects/trabalho_web3/server.php(21): require_once('/home/giovanni/...')
#8 {main}
"} 
[2019-10-16 23:28:34] laravel.EMERGENCY: Unable to create configured logger. Using emergency logger. {"exception":"[object] (InvalidArgumentException(code: 0): Log [] is not defined. at /home/giovanni/PhpStorm Projects/trabalho_web3/vendor/laravel/framework/src/Illuminate/Log/LogManager.php:184)
[stacktrace]
#0 /home/giovanni/PhpStorm Projects/trabalho_web3/vendor/laravel/framework/src/Illuminate/Log/LogManager.php(118): Illuminate\\Log\\LogManager->resolve(NULL)
#1 /home/giovanni/PhpStorm Projects/trabalho_web3/vendor/laravel/framework/src/Illuminate/Log/LogManager.php(98): Illuminate\\Log\\LogManager->get(NULL)
#2 /home/giovanni/PhpStorm Projects/trabalho_web3/vendor/laravel/framework/src/Illuminate/Log/LogManager.php(539): Illuminate\\Log\\LogManager->driver()
#3 /home/giovanni/PhpStorm Projects/trabalho_web3/vendor/laravel/framework/src/Illuminate/Foundation/Exceptions/Handler.php(118): Illuminate\\Log\\LogManager->error('Undefined const...', Array)
#4 /home/giovanni/PhpStorm Projects/trabalho_web3/app/Exceptions/Handler.php(37): Illuminate\\Foundation\\Exceptions\\Handler->report(Object(Symfony\\Component\\Debug\\Exception\\FatalThrowableError))
#5 /home/giovanni/PhpStorm Projects/trabalho_web3/vendor/laravel/framework/src/Illuminate/Foundation/Http/Kernel.php(314): App\\Exceptions\\Handler->report(Object(Symfony\\Component\\Debug\\Exception\\FatalThrowableError))
#6 /home/giovanni/PhpStorm Projects/trabalho_web3/vendor/laravel/framework/src/Illuminate/Foundation/Http/Kernel.php(122): Illuminate\\Foundation\\Http\\Kernel->reportException(Object(Symfony\\Component\\Debug\\Exception\\FatalThrowableError))
#7 /home/giovanni/PhpStorm Projects/trabalho_web3/public/index.php(55): Illuminate\\Foundation\\Http\\Kernel->handle(Object(Illuminate\\Http\\Request))
#8 /home/giovanni/PhpStorm Projects/trabalho_web3/server.php(21): require_once('/home/giovanni/...')
#9 {main}
"} 
[2019-10-16 23:28:34] laravel.ERROR: Undefined constant 'Illuminate\Html\HtmlServiceProvider' {"exception":"[object] (Symfony\\Component\\Debug\\Exception\\FatalThrowableError(code: 0): Undefined constant 'Illuminate\\Html\\HtmlServiceProvider' at /home/giovanni/PhpStorm Projects/trabalho_web3/config/app.php:142)
[stacktrace]
#0 /home/giovanni/PhpStorm Projects/trabalho_web3/vendor/laravel/framework/src/Illuminate/Foundation/Bootstrap/LoadConfiguration.php(72): require()
#1 /home/giovanni/PhpStorm Projects/trabalho_web3/vendor/laravel/framework/src/Illuminate/Foundation/Bootstrap/LoadConfiguration.php(39): Illuminate\\Foundation\\Bootstrap\\LoadConfiguration->loadConfigurationFiles(Object(Illuminate\\Foundation\\Application), Object(Illuminate\\Config\\Repository))
#2 /home/giovanni/PhpStorm Projects/trabalho_web3/vendor/laravel/framework/src/Illuminate/Foundation/Application.php(211): Illuminate\\Foundation\\Bootstrap\\LoadConfiguration->bootstrap(Object(Illuminate\\Foundation\\Application))
#3 /home/giovanni/PhpStorm Projects/trabalho_web3/vendor/laravel/framework/src/Illuminate/Foundation/Http/Kernel.php(162): Illuminate\\Foundation\\Application->bootstrapWith(Array)
#4 /home/giovanni/PhpStorm Projects/trabalho_web3/vendor/laravel/framework/src/Illuminate/Foundation/Http/Kernel.php(146): Illuminate\\Foundation\\Http\\Kernel->bootstrap()
#5 /home/giovanni/PhpStorm Projects/trabalho_web3/vendor/laravel/framework/src/Illuminate/Foundation/Http/Kernel.php(116): Illuminate\\Foundation\\Http\\Kernel->sendRequestThroughRouter(Object(Illuminate\\Http\\Request))
#6 /home/giovanni/PhpStorm Projects/trabalho_web3/public/index.php(55): Illuminate\\Foundation\\Http\\Kernel->handle(Object(Illuminate\\Http\\Request))
#7 /home/giovanni/PhpStorm Projects/trabalho_web3/server.php(21): require_once('/home/giovanni/...')
#8 {main}
"} 
[2019-10-16 23:28:35] laravel.EMERGENCY: Unable to create configured logger. Using emergency logger. {"exception":"[object] (InvalidArgumentException(code: 0): Log [] is not defined. at /home/giovanni/PhpStorm Projects/trabalho_web3/vendor/laravel/framework/src/Illuminate/Log/LogManager.php:184)
[stacktrace]
#0 /home/giovanni/PhpStorm Projects/trabalho_web3/vendor/laravel/framework/src/Illuminate/Log/LogManager.php(118): Illuminate\\Log\\LogManager->resolve(NULL)
#1 /home/giovanni/PhpStorm Projects/trabalho_web3/vendor/laravel/framework/src/Illuminate/Log/LogManager.php(98): Illuminate\\Log\\LogManager->get(NULL)
#2 /home/giovanni/PhpStorm Projects/trabalho_web3/vendor/laravel/framework/src/Illuminate/Log/LogManager.php(539): Illuminate\\Log\\LogManager->driver()
#3 /home/giovanni/PhpStorm Projects/trabalho_web3/vendor/laravel/framework/src/Illuminate/Foundation/Exceptions/Handler.php(118): Illuminate\\Log\\LogManager->error('Undefined const...', Array)
#4 /home/giovanni/PhpStorm Projects/trabalho_web3/app/Exceptions/Handler.php(37): Illuminate\\Foundation\\Exceptions\\Handler->report(Object(Symfony\\Component\\Debug\\Exception\\FatalThrowableError))
#5 /home/giovanni/PhpStorm Projects/trabalho_web3/vendor/laravel/framework/src/Illuminate/Foundation/Http/Kernel.php(314): App\\Exceptions\\Handler->report(Object(Symfony\\Component\\Debug\\Exception\\FatalThrowableError))
#6 /home/giovanni/PhpStorm Projects/trabalho_web3/vendor/laravel/framework/src/Illuminate/Foundation/Http/Kernel.php(122): Illuminate\\Foundation\\Http\\Kernel->reportException(Object(Symfony\\Component\\Debug\\Exception\\FatalThrowableError))
#7 /home/giovanni/PhpStorm Projects/trabalho_web3/public/index.php(55): Illuminate\\Foundation\\Http\\Kernel->handle(Object(Illuminate\\Http\\Request))
#8 /home/giovanni/PhpStorm Projects/trabalho_web3/server.php(21): require_once('/home/giovanni/...')
#9 {main}
"} 
[2019-10-16 23:28:35] laravel.ERROR: Undefined constant 'Illuminate\Html\HtmlServiceProvider' {"exception":"[object] (Symfony\\Component\\Debug\\Exception\\FatalThrowableError(code: 0): Undefined constant 'Illuminate\\Html\\HtmlServiceProvider' at /home/giovanni/PhpStorm Projects/trabalho_web3/config/app.php:142)
[stacktrace]
#0 /home/giovanni/PhpStorm Projects/trabalho_web3/vendor/laravel/framework/src/Illuminate/Foundation/Bootstrap/LoadConfiguration.php(72): require()
#1 /home/giovanni/PhpStorm Projects/trabalho_web3/vendor/laravel/framework/src/Illuminate/Foundation/Bootstrap/LoadConfiguration.php(39): Illuminate\\Foundation\\Bootstrap\\LoadConfiguration->loadConfigurationFiles(Object(Illuminate\\Foundation\\Application), Object(Illuminate\\Config\\Repository))
#2 /home/giovanni/PhpStorm Projects/trabalho_web3/vendor/laravel/framework/src/Illuminate/Foundation/Application.php(211): Illuminate\\Foundation\\Bootstrap\\LoadConfiguration->bootstrap(Object(Illuminate\\Foundation\\Application))
#3 /home/giovanni/PhpStorm Projects/trabalho_web3/vendor/laravel/framework/src/Illuminate/Foundation/Http/Kernel.php(162): Illuminate\\Foundation\\Application->bootstrapWith(Array)
#4 /home/giovanni/PhpStorm Projects/trabalho_web3/vendor/laravel/framework/src/Illuminate/Foundation/Http/Kernel.php(146): Illuminate\\Foundation\\Http\\Kernel->bootstrap()
#5 /home/giovanni/PhpStorm Projects/trabalho_web3/vendor/laravel/framework/src/Illuminate/Foundation/Http/Kernel.php(116): Illuminate\\Foundation\\Http\\Kernel->sendRequestThroughRouter(Object(Illuminate\\Http\\Request))
#6 /home/giovanni/PhpStorm Projects/trabalho_web3/public/index.php(55): Illuminate\\Foundation\\Http\\Kernel->handle(Object(Illuminate\\Http\\Request))
#7 /home/giovanni/PhpStorm Projects/trabalho_web3/server.php(21): require_once('/home/giovanni/...')
#8 {main}
"} 
[2019-10-16 23:28:35] laravel.EMERGENCY: Unable to create configured logger. Using emergency logger. {"exception":"[object] (InvalidArgumentException(code: 0): Log [] is not defined. at /home/giovanni/PhpStorm Projects/trabalho_web3/vendor/laravel/framework/src/Illuminate/Log/LogManager.php:184)
[stacktrace]
#0 /home/giovanni/PhpStorm Projects/trabalho_web3/vendor/laravel/framework/src/Illuminate/Log/LogManager.php(118): Illuminate\\Log\\LogManager->resolve(NULL)
#1 /home/giovanni/PhpStorm Projects/trabalho_web3/vendor/laravel/framework/src/Illuminate/Log/LogManager.php(98): Illuminate\\Log\\LogManager->get(NULL)
#2 /home/giovanni/PhpStorm Projects/trabalho_web3/vendor/laravel/framework/src/Illuminate/Log/LogManager.php(539): Illuminate\\Log\\LogManager->driver()
#3 /home/giovanni/PhpStorm Projects/trabalho_web3/vendor/laravel/framework/src/Illuminate/Foundation/Exceptions/Handler.php(118): Illuminate\\Log\\LogManager->error('Undefined const...', Array)
#4 /home/giovanni/PhpStorm Projects/trabalho_web3/app/Exceptions/Handler.php(37): Illuminate\\Foundation\\Exceptions\\Handler->report(Object(Symfony\\Component\\Debug\\Exception\\FatalThrowableError))
#5 /home/giovanni/PhpStorm Projects/trabalho_web3/vendor/laravel/framework/src/Illuminate/Foundation/Http/Kernel.php(314): App\\Exceptions\\Handler->report(Object(Symfony\\Component\\Debug\\Exception\\FatalThrowableError))
#6 /home/giovanni/PhpStorm Projects/trabalho_web3/vendor/laravel/framework/src/Illuminate/Foundation/Http/Kernel.php(122): Illuminate\\Foundation\\Http\\Kernel->reportException(Object(Symfony\\Component\\Debug\\Exception\\FatalThrowableError))
#7 /home/giovanni/PhpStorm Projects/trabalho_web3/public/index.php(55): Illuminate\\Foundation\\Http\\Kernel->handle(Object(Illuminate\\Http\\Request))
#8 /home/giovanni/PhpStorm Projects/trabalho_web3/server.php(21): require_once('/home/giovanni/...')
#9 {main}
"} 
[2019-10-16 23:28:35] laravel.ERROR: Undefined constant 'Illuminate\Html\HtmlServiceProvider' {"exception":"[object] (Symfony\\Component\\Debug\\Exception\\FatalThrowableError(code: 0): Undefined constant 'Illuminate\\Html\\HtmlServiceProvider' at /home/giovanni/PhpStorm Projects/trabalho_web3/config/app.php:142)
[stacktrace]
#0 /home/giovanni/PhpStorm Projects/trabalho_web3/vendor/laravel/framework/src/Illuminate/Foundation/Bootstrap/LoadConfiguration.php(72): require()
#1 /home/giovanni/PhpStorm Projects/trabalho_web3/vendor/laravel/framework/src/Illuminate/Foundation/Bootstrap/LoadConfiguration.php(39): Illuminate\\Foundation\\Bootstrap\\LoadConfiguration->loadConfigurationFiles(Object(Illuminate\\Foundation\\Application), Object(Illuminate\\Config\\Repository))
#2 /home/giovanni/PhpStorm Projects/trabalho_web3/vendor/laravel/framework/src/Illuminate/Foundation/Application.php(211): Illuminate\\Foundation\\Bootstrap\\LoadConfiguration->bootstrap(Object(Illuminate\\Foundation\\Application))
#3 /home/giovanni/PhpStorm Projects/trabalho_web3/vendor/laravel/framework/src/Illuminate/Foundation/Http/Kernel.php(162): Illuminate\\Foundation\\Application->bootstrapWith(Array)
#4 /home/giovanni/PhpStorm Projects/trabalho_web3/vendor/laravel/framework/src/Illuminate/Foundation/Http/Kernel.php(146): Illuminate\\Foundation\\Http\\Kernel->bootstrap()
#5 /home/giovanni/PhpStorm Projects/trabalho_web3/vendor/laravel/framework/src/Illuminate/Foundation/Http/Kernel.php(116): Illuminate\\Foundation\\Http\\Kernel->sendRequestThroughRouter(Object(Illuminate\\Http\\Request))
#6 /home/giovanni/PhpStorm Projects/trabalho_web3/public/index.php(55): Illuminate\\Foundation\\Http\\Kernel->handle(Object(Illuminate\\Http\\Request))
#7 /home/giovanni/PhpStorm Projects/trabalho_web3/server.php(21): require_once('/home/giovanni/...')
#8 {main}
"} 
[2019-10-16 23:28:35] laravel.EMERGENCY: Unable to create configured logger. Using emergency logger. {"exception":"[object] (InvalidArgumentException(code: 0): Log [] is not defined. at /home/giovanni/PhpStorm Projects/trabalho_web3/vendor/laravel/framework/src/Illuminate/Log/LogManager.php:184)
[stacktrace]
#0 /home/giovanni/PhpStorm Projects/trabalho_web3/vendor/laravel/framework/src/Illuminate/Log/LogManager.php(118): Illuminate\\Log\\LogManager->resolve(NULL)
#1 /home/giovanni/PhpStorm Projects/trabalho_web3/vendor/laravel/framework/src/Illuminate/Log/LogManager.php(98): Illuminate\\Log\\LogManager->get(NULL)
#2 /home/giovanni/PhpStorm Projects/trabalho_web3/vendor/laravel/framework/src/Illuminate/Log/LogManager.php(539): Illuminate\\Log\\LogManager->driver()
#3 /home/giovanni/PhpStorm Projects/trabalho_web3/vendor/laravel/framework/src/Illuminate/Foundation/Exceptions/Handler.php(118): Illuminate\\Log\\LogManager->error('Undefined const...', Array)
#4 /home/giovanni/PhpStorm Projects/trabalho_web3/app/Exceptions/Handler.php(37): Illuminate\\Foundation\\Exceptions\\Handler->report(Object(Symfony\\Component\\Debug\\Exception\\FatalThrowableError))
#5 /home/giovanni/PhpStorm Projects/trabalho_web3/vendor/laravel/framework/src/Illuminate/Foundation/Http/Kernel.php(314): App\\Exceptions\\Handler->report(Object(Symfony\\Component\\Debug\\Exception\\FatalThrowableError))
#6 /home/giovanni/PhpStorm Projects/trabalho_web3/vendor/laravel/framework/src/Illuminate/Foundation/Http/Kernel.php(122): Illuminate\\Foundation\\Http\\Kernel->reportException(Object(Symfony\\Component\\Debug\\Exception\\FatalThrowableError))
#7 /home/giovanni/PhpStorm Projects/trabalho_web3/public/index.php(55): Illuminate\\Foundation\\Http\\Kernel->handle(Object(Illuminate\\Http\\Request))
#8 /home/giovanni/PhpStorm Projects/trabalho_web3/server.php(21): require_once('/home/giovanni/...')
#9 {main}
"} 
[2019-10-16 23:28:35] laravel.ERROR: Undefined constant 'Illuminate\Html\HtmlServiceProvider' {"exception":"[object] (Symfony\\Component\\Debug\\Exception\\FatalThrowableError(code: 0): Undefined constant 'Illuminate\\Html\\HtmlServiceProvider' at /home/giovanni/PhpStorm Projects/trabalho_web3/config/app.php:142)
[stacktrace]
#0 /home/giovanni/PhpStorm Projects/trabalho_web3/vendor/laravel/framework/src/Illuminate/Foundation/Bootstrap/LoadConfiguration.php(72): require()
#1 /home/giovanni/PhpStorm Projects/trabalho_web3/vendor/laravel/framework/src/Illuminate/Foundation/Bootstrap/LoadConfiguration.php(39): Illuminate\\Foundation\\Bootstrap\\LoadConfiguration->loadConfigurationFiles(Object(Illuminate\\Foundation\\Application), Object(Illuminate\\Config\\Repository))
#2 /home/giovanni/PhpStorm Projects/trabalho_web3/vendor/laravel/framework/src/Illuminate/Foundation/Application.php(211): Illuminate\\Foundation\\Bootstrap\\LoadConfiguration->bootstrap(Object(Illuminate\\Foundation\\Application))
#3 /home/giovanni/PhpStorm Projects/trabalho_web3/vendor/laravel/framework/src/Illuminate/Foundation/Http/Kernel.php(162): Illuminate\\Foundation\\Application->bootstrapWith(Array)
#4 /home/giovanni/PhpStorm Projects/trabalho_web3/vendor/laravel/framework/src/Illuminate/Foundation/Http/Kernel.php(146): Illuminate\\Foundation\\Http\\Kernel->bootstrap()
#5 /home/giovanni/PhpStorm Projects/trabalho_web3/vendor/laravel/framework/src/Illuminate/Foundation/Http/Kernel.php(116): Illuminate\\Foundation\\Http\\Kernel->sendRequestThroughRouter(Object(Illuminate\\Http\\Request))
#6 /home/giovanni/PhpStorm Projects/trabalho_web3/public/index.php(55): Illuminate\\Foundation\\Http\\Kernel->handle(Object(Illuminate\\Http\\Request))
#7 /home/giovanni/PhpStorm Projects/trabalho_web3/server.php(21): require_once('/home/giovanni/...')
#8 {main}
"} 
[2019-10-16 23:28:35] laravel.EMERGENCY: Unable to create configured logger. Using emergency logger. {"exception":"[object] (InvalidArgumentException(code: 0): Log [] is not defined. at /home/giovanni/PhpStorm Projects/trabalho_web3/vendor/laravel/framework/src/Illuminate/Log/LogManager.php:184)
[stacktrace]
#0 /home/giovanni/PhpStorm Projects/trabalho_web3/vendor/laravel/framework/src/Illuminate/Log/LogManager.php(118): Illuminate\\Log\\LogManager->resolve(NULL)
#1 /home/giovanni/PhpStorm Projects/trabalho_web3/vendor/laravel/framework/src/Illuminate/Log/LogManager.php(98): Illuminate\\Log\\LogManager->get(NULL)
#2 /home/giovanni/PhpStorm Projects/trabalho_web3/vendor/laravel/framework/src/Illuminate/Log/LogManager.php(539): Illuminate\\Log\\LogManager->driver()
#3 /home/giovanni/PhpStorm Projects/trabalho_web3/vendor/laravel/framework/src/Illuminate/Foundation/Exceptions/Handler.php(118): Illuminate\\Log\\LogManager->error('Undefined const...', Array)
#4 /home/giovanni/PhpStorm Projects/trabalho_web3/app/Exceptions/Handler.php(37): Illuminate\\Foundation\\Exceptions\\Handler->report(Object(Symfony\\Component\\Debug\\Exception\\FatalThrowableError))
#5 /home/giovanni/PhpStorm Projects/trabalho_web3/vendor/laravel/framework/src/Illuminate/Foundation/Http/Kernel.php(314): App\\Exceptions\\Handler->report(Object(Symfony\\Component\\Debug\\Exception\\FatalThrowableError))
#6 /home/giovanni/PhpStorm Projects/trabalho_web3/vendor/laravel/framework/src/Illuminate/Foundation/Http/Kernel.php(122): Illuminate\\Foundation\\Http\\Kernel->reportException(Object(Symfony\\Component\\Debug\\Exception\\FatalThrowableError))
#7 /home/giovanni/PhpStorm Projects/trabalho_web3/public/index.php(55): Illuminate\\Foundation\\Http\\Kernel->handle(Object(Illuminate\\Http\\Request))
#8 /home/giovanni/PhpStorm Projects/trabalho_web3/server.php(21): require_once('/home/giovanni/...')
#9 {main}
"} 
[2019-10-16 23:28:35] laravel.ERROR: Undefined constant 'Illuminate\Html\HtmlServiceProvider' {"exception":"[object] (Symfony\\Component\\Debug\\Exception\\FatalThrowableError(code: 0): Undefined constant 'Illuminate\\Html\\HtmlServiceProvider' at /home/giovanni/PhpStorm Projects/trabalho_web3/config/app.php:142)
[stacktrace]
#0 /home/giovanni/PhpStorm Projects/trabalho_web3/vendor/laravel/framework/src/Illuminate/Foundation/Bootstrap/LoadConfiguration.php(72): require()
#1 /home/giovanni/PhpStorm Projects/trabalho_web3/vendor/laravel/framework/src/Illuminate/Foundation/Bootstrap/LoadConfiguration.php(39): Illuminate\\Foundation\\Bootstrap\\LoadConfiguration->loadConfigurationFiles(Object(Illuminate\\Foundation\\Application), Object(Illuminate\\Config\\Repository))
#2 /home/giovanni/PhpStorm Projects/trabalho_web3/vendor/laravel/framework/src/Illuminate/Foundation/Application.php(211): Illuminate\\Foundation\\Bootstrap\\LoadConfiguration->bootstrap(Object(Illuminate\\Foundation\\Application))
#3 /home/giovanni/PhpStorm Projects/trabalho_web3/vendor/laravel/framework/src/Illuminate/Foundation/Http/Kernel.php(162): Illuminate\\Foundation\\Application->bootstrapWith(Array)
#4 /home/giovanni/PhpStorm Projects/trabalho_web3/vendor/laravel/framework/src/Illuminate/Foundation/Http/Kernel.php(146): Illuminate\\Foundation\\Http\\Kernel->bootstrap()
#5 /home/giovanni/PhpStorm Projects/trabalho_web3/vendor/laravel/framework/src/Illuminate/Foundation/Http/Kernel.php(116): Illuminate\\Foundation\\Http\\Kernel->sendRequestThroughRouter(Object(Illuminate\\Http\\Request))
#6 /home/giovanni/PhpStorm Projects/trabalho_web3/public/index.php(55): Illuminate\\Foundation\\Http\\Kernel->handle(Object(Illuminate\\Http\\Request))
#7 /home/giovanni/PhpStorm Projects/trabalho_web3/server.php(21): require_once('/home/giovanni/...')
#8 {main}
"} 
[2019-10-16 23:29:38] laravel.EMERGENCY: Unable to create configured logger. Using emergency logger. {"exception":"[object] (InvalidArgumentException(code: 0): Log [] is not defined. at /home/giovanni/PhpStorm Projects/trabalho_web3/vendor/laravel/framework/src/Illuminate/Log/LogManager.php:184)
[stacktrace]
#0 /home/giovanni/PhpStorm Projects/trabalho_web3/vendor/laravel/framework/src/Illuminate/Log/LogManager.php(118): Illuminate\\Log\\LogManager->resolve(NULL)
#1 /home/giovanni/PhpStorm Projects/trabalho_web3/vendor/laravel/framework/src/Illuminate/Log/LogManager.php(98): Illuminate\\Log\\LogManager->get(NULL)
#2 /home/giovanni/PhpStorm Projects/trabalho_web3/vendor/laravel/framework/src/Illuminate/Log/LogManager.php(539): Illuminate\\Log\\LogManager->driver()
#3 /home/giovanni/PhpStorm Projects/trabalho_web3/vendor/laravel/framework/src/Illuminate/Foundation/Exceptions/Handler.php(118): Illuminate\\Log\\LogManager->error('Undefined const...', Array)
#4 /home/giovanni/PhpStorm Projects/trabalho_web3/app/Exceptions/Handler.php(37): Illuminate\\Foundation\\Exceptions\\Handler->report(Object(Symfony\\Component\\Debug\\Exception\\FatalThrowableError))
#5 /home/giovanni/PhpStorm Projects/trabalho_web3/vendor/laravel/framework/src/Illuminate/Foundation/Http/Kernel.php(314): App\\Exceptions\\Handler->report(Object(Symfony\\Component\\Debug\\Exception\\FatalThrowableError))
#6 /home/giovanni/PhpStorm Projects/trabalho_web3/vendor/laravel/framework/src/Illuminate/Foundation/Http/Kernel.php(122): Illuminate\\Foundation\\Http\\Kernel->reportException(Object(Symfony\\Component\\Debug\\Exception\\FatalThrowableError))
#7 /home/giovanni/PhpStorm Projects/trabalho_web3/public/index.php(55): Illuminate\\Foundation\\Http\\Kernel->handle(Object(Illuminate\\Http\\Request))
#8 /home/giovanni/PhpStorm Projects/trabalho_web3/server.php(21): require_once('/home/giovanni/...')
#9 {main}
"} 
[2019-10-16 23:29:38] laravel.ERROR: Undefined constant 'Illuminate\Html\HtmlServiceProvider' {"exception":"[object] (Symfony\\Component\\Debug\\Exception\\FatalThrowableError(code: 0): Undefined constant 'Illuminate\\Html\\HtmlServiceProvider' at /home/giovanni/PhpStorm Projects/trabalho_web3/config/app.php:142)
[stacktrace]
#0 /home/giovanni/PhpStorm Projects/trabalho_web3/vendor/laravel/framework/src/Illuminate/Foundation/Bootstrap/LoadConfiguration.php(72): require()
#1 /home/giovanni/PhpStorm Projects/trabalho_web3/vendor/laravel/framework/src/Illuminate/Foundation/Bootstrap/LoadConfiguration.php(39): Illuminate\\Foundation\\Bootstrap\\LoadConfiguration->loadConfigurationFiles(Object(Illuminate\\Foundation\\Application), Object(Illuminate\\Config\\Repository))
#2 /home/giovanni/PhpStorm Projects/trabalho_web3/vendor/laravel/framework/src/Illuminate/Foundation/Application.php(211): Illuminate\\Foundation\\Bootstrap\\LoadConfiguration->bootstrap(Object(Illuminate\\Foundation\\Application))
#3 /home/giovanni/PhpStorm Projects/trabalho_web3/vendor/laravel/framework/src/Illuminate/Foundation/Http/Kernel.php(162): Illuminate\\Foundation\\Application->bootstrapWith(Array)
#4 /home/giovanni/PhpStorm Projects/trabalho_web3/vendor/laravel/framework/src/Illuminate/Foundation/Http/Kernel.php(146): Illuminate\\Foundation\\Http\\Kernel->bootstrap()
#5 /home/giovanni/PhpStorm Projects/trabalho_web3/vendor/laravel/framework/src/Illuminate/Foundation/Http/Kernel.php(116): Illuminate\\Foundation\\Http\\Kernel->sendRequestThroughRouter(Object(Illuminate\\Http\\Request))
#6 /home/giovanni/PhpStorm Projects/trabalho_web3/public/index.php(55): Illuminate\\Foundation\\Http\\Kernel->handle(Object(Illuminate\\Http\\Request))
#7 /home/giovanni/PhpStorm Projects/trabalho_web3/server.php(21): require_once('/home/giovanni/...')
#8 {main}
"} 
[2019-10-16 23:30:01] laravel.EMERGENCY: Unable to create configured logger. Using emergency logger. {"exception":"[object] (InvalidArgumentException(code: 0): Log [] is not defined. at /home/giovanni/PhpStorm Projects/trabalho_web3/vendor/laravel/framework/src/Illuminate/Log/LogManager.php:184)
[stacktrace]
#0 /home/giovanni/PhpStorm Projects/trabalho_web3/vendor/laravel/framework/src/Illuminate/Log/LogManager.php(118): Illuminate\\Log\\LogManager->resolve(NULL)
#1 /home/giovanni/PhpStorm Projects/trabalho_web3/vendor/laravel/framework/src/Illuminate/Log/LogManager.php(98): Illuminate\\Log\\LogManager->get(NULL)
#2 /home/giovanni/PhpStorm Projects/trabalho_web3/vendor/laravel/framework/src/Illuminate/Log/LogManager.php(539): Illuminate\\Log\\LogManager->driver()
#3 /home/giovanni/PhpStorm Projects/trabalho_web3/vendor/laravel/framework/src/Illuminate/Foundation/Exceptions/Handler.php(118): Illuminate\\Log\\LogManager->error('Undefined const...', Array)
#4 /home/giovanni/PhpStorm Projects/trabalho_web3/app/Exceptions/Handler.php(37): Illuminate\\Foundation\\Exceptions\\Handler->report(Object(Symfony\\Component\\Debug\\Exception\\FatalThrowableError))
#5 /home/giovanni/PhpStorm Projects/trabalho_web3/vendor/laravel/framework/src/Illuminate/Foundation/Console/Kernel.php(376): App\\Exceptions\\Handler->report(Object(Symfony\\Component\\Debug\\Exception\\FatalThrowableError))
#6 /home/giovanni/PhpStorm Projects/trabalho_web3/vendor/laravel/framework/src/Illuminate/Foundation/Console/Kernel.php(141): Illuminate\\Foundation\\Console\\Kernel->reportException(Object(Symfony\\Component\\Debug\\Exception\\FatalThrowableError))
#7 /home/giovanni/PhpStorm Projects/trabalho_web3/artisan(37): Illuminate\\Foundation\\Console\\Kernel->handle(Object(Symfony\\Component\\Console\\Input\\ArgvInput), Object(Symfony\\Component\\Console\\Output\\ConsoleOutput))
#8 {main}
"} 
[2019-10-16 23:30:01] laravel.ERROR: Undefined constant 'Illuminate\Html\HtmlServiceProvider' {"exception":"[object] (Symfony\\Component\\Debug\\Exception\\FatalThrowableError(code: 0): Undefined constant 'Illuminate\\Html\\HtmlServiceProvider' at /home/giovanni/PhpStorm Projects/trabalho_web3/config/app.php:142)
[stacktrace]
#0 /home/giovanni/PhpStorm Projects/trabalho_web3/vendor/laravel/framework/src/Illuminate/Foundation/Bootstrap/LoadConfiguration.php(72): require()
#1 /home/giovanni/PhpStorm Projects/trabalho_web3/vendor/laravel/framework/src/Illuminate/Foundation/Bootstrap/LoadConfiguration.php(39): Illuminate\\Foundation\\Bootstrap\\LoadConfiguration->loadConfigurationFiles(Object(Illuminate\\Foundation\\Application), Object(Illuminate\\Config\\Repository))
#2 /home/giovanni/PhpStorm Projects/trabalho_web3/vendor/laravel/framework/src/Illuminate/Foundation/Application.php(211): Illuminate\\Foundation\\Bootstrap\\LoadConfiguration->bootstrap(Object(Illuminate\\Foundation\\Application))
#3 /home/giovanni/PhpStorm Projects/trabalho_web3/vendor/laravel/framework/src/Illuminate/Foundation/Console/Kernel.php(320): Illuminate\\Foundation\\Application->bootstrapWith(Array)
#4 /home/giovanni/PhpStorm Projects/trabalho_web3/vendor/laravel/framework/src/Illuminate/Foundation/Console/Kernel.php(129): Illuminate\\Foundation\\Console\\Kernel->bootstrap()
#5 /home/giovanni/PhpStorm Projects/trabalho_web3/artisan(37): Illuminate\\Foundation\\Console\\Kernel->handle(Object(Symfony\\Component\\Console\\Input\\ArgvInput), Object(Symfony\\Component\\Console\\Output\\ConsoleOutput))
#6 {main}
"} 
